<?xml version="1.0" encoding="UTF-8"?>
<!-- Generated by org.testng.reporters.JUnitReportReporter -->
<testsuite hostname="DESKTOP-3J0MIIV" failures="0" tests="3" name="com.example.xpath_locator.TestXPathLocators" time="٠.٩٠٧" errors="0" timestamp="٢٠٢٦-٠٥-١٠T١٦:١٧:١٧ IDT" skipped="0">
  <testcase classname="com.example.xpath_locator.TestXPathLocators" name="XPathLocatorByClassName" time="٠.٣١٨"/>
  <testcase classname="com.example.xpath_locator.TestXPathLocators" name="XPathLocatorByID" time="٠.٣٣١"/>
  <testcase classname="com.example.xpath_locator.TestXPathLocators" name="XPathLocatorByName" time="٠.٢٥٨"/>
</testsuite> <!-- com.example.xpath_locator.TestXPathLocators -->
