<?xml version="1.0" encoding="UTF-8"?>
<!-- Generated by org.testng.reporters.JUnitReportReporter -->
<testsuite hostname="DESKTOP-3J0MIIV" failures="0" tests="3" name="com.example.xpath_locator.TestXPathLocators" time="٠.٢٨١" errors="0" timestamp="٢٠٢٦-٠٥-١٨T١٣:٤٧:٣٣ IDT" skipped="0">
  <testcase classname="com.example.xpath_locator.TestXPathLocators" name="XPathLocatorByID" time="٠.١١٢"/>
  <testcase classname="com.example.xpath_locator.TestXPathLocators" name="XPathLocatorByName" time="٠.٠٦٦"/>
  <testcase classname="com.example.xpath_locator.TestXPathLocators" name="XPathLocatorByClassName" time="٠.١٠٣"/>
</testsuite> <!-- com.example.xpath_locator.TestXPathLocators -->
