<?xml version="1.0" encoding="UTF-8"?>
<!-- Generated by org.testng.reporters.JUnitXMLReporter -->
<testsuite ignored="1" hostname="DESKTOP-3J0MIIV" failures="0" tests="1" name="Default test" time="8.27" errors="0" timestamp="٢٠٢٦-٠٥-١٥T١٣:٠٨:٤٥ IDT">
  <testcase classname="omayoPack.OmayoClass" name="pressReturnAfterEnteringValue" time="8.192"/>
  <testcase classname="omayoPack.OmayoClass" name="readTextFromDisabledButton" time="0.0">
    <ignored/>
  </testcase> <!-- readTextFromDisabledButton -->
</testsuite> <!-- Default test -->
