<?xml version="1.0" encoding="UTF-8"?>
<!-- Generated by org.testng.reporters.JUnitReportReporter -->
<testsuite hostname="DESKTOP-3J0MIIV" failures="0" tests="12" name="ReportPack.ReportTest" time="٠.٠٣١" errors="0" timestamp="٢٠٢٦-٠٥-٠٤T١٢:٣١:٢٥ IDT" skipped="0">
  <testcase classname="ReportPack.ReportTest" name="testEmail" time="٠.٠١١">
    <system-out>
      <![CDATA[Starting test for email: rawadisayed@gmail.com
Expected Result: true
Actual Result: true]]>
    </system-out>
  </testcase> <!-- testEmail -->
  <testcase classname="ReportPack.ReportTest" name="testEmail" time="٠.٠٠٢">
    <system-out>
      <![CDATA[Starting test for email: @gmail.com
Expected Result: false
Actual Result: false]]>
    </system-out>
  </testcase> <!-- testEmail -->
  <testcase classname="ReportPack.ReportTest" name="testEmail" time="٠.٠٠٢">
    <system-out>
      <![CDATA[Starting test for email: hamza.afan@outlook.com
Expected Result: true
Actual Result: true]]>
    </system-out>
  </testcase> <!-- testEmail -->
  <testcase classname="ReportPack.ReportTest" name="testEmail" time="٠.٠٠٢">
    <system-out>
      <![CDATA[Starting test for email: invalidgmail.com
Expected Result: false
Actual Result: false]]>
    </system-out>
  </testcase> <!-- testEmail -->
  <testcase classname="ReportPack.ReportTest" name="testEmail" time="٠.٠٠٣">
    <system-out>
      <![CDATA[Starting test for email:   test@yahoo.com  
Expected Result: true
Actual Result: true]]>
    </system-out>
  </testcase> <!-- testEmail -->
  <testcase classname="ReportPack.ReportTest" name="testEmail" time="٠.٠٠١">
    <system-out>
      <![CDATA[Starting test for email: 
Expected Result: false
Actual Result: false]]>
    </system-out>
  </testcase> <!-- testEmail -->
  <testcase classname="ReportPack.ReportTest" name="testEmail" time="٠.٠٠١">
    <system-out>
      <![CDATA[Starting test for email: test@.com
Expected Result: false
Actual Result: false]]>
    </system-out>
  </testcase> <!-- testEmail -->
  <testcase classname="ReportPack.ReportTest" name="testEmail" time="٠.٠٠١">
    <system-out>
      <![CDATA[Starting test for email: test@domain..com
Expected Result: false
Actual Result: false]]>
    </system-out>
  </testcase> <!-- testEmail -->
  <testcase classname="ReportPack.ReportTest" name="testEmail" time="٠.٠٠٢">
    <system-out>
      <![CDATA[Starting test for email: test@invalid
Expected Result: false
Actual Result: false]]>
    </system-out>
  </testcase> <!-- testEmail -->
  <testcase classname="ReportPack.ReportTest" name="testEmail" time="٠.٠٠٢">
    <system-out>
      <![CDATA[Starting test for email: test@@gmail.com
Expected Result: false
Actual Result: false]]>
    </system-out>
  </testcase> <!-- testEmail -->
  <testcase classname="ReportPack.ReportTest" name="testEmail" time="٠.٠٠٢">
    <system-out>
      <![CDATA[Starting test for email: mohammedSwessy@yahoo.com
Expected Result: true
Actual Result: true]]>
    </system-out>
  </testcase> <!-- testEmail -->
  <testcase classname="ReportPack.ReportTest" name="testEmail" time="٠.٠٠٢">
    <system-out>
      <![CDATA[Starting test for email: mamoun_suboh@axsos.academy
Expected Result: true
Actual Result: true]]>
    </system-out>
  </testcase> <!-- testEmail -->
  <system-out>
    <![CDATA[Starting test for email: rawadisayed@gmail.com
Expected Result: true
Actual Result: true
Starting test for email: mohammedSwessy@yahoo.com
Expected Result: true
Actual Result: true
Starting test for email: hamza.afan@outlook.com
Expected Result: true
Actual Result: true
Starting test for email: mamoun_suboh@axsos.academy
Expected Result: true
Actual Result: true
Starting test for email: test@invalid
Expected Result: false
Actual Result: false
Starting test for email: invalidgmail.com
Expected Result: false
Actual Result: false
Starting test for email: @gmail.com
Expected Result: false
Actual Result: false
Starting test for email:   test@yahoo.com  
Expected Result: true
Actual Result: true
Starting test for email: test@@gmail.com
Expected Result: false
Actual Result: false
Starting test for email: test@.com
Expected Result: false
Actual Result: false
Starting test for email: test@domain..com
Expected Result: false
Actual Result: false
Starting test for email: 
Expected Result: false
Actual Result: false]]>
  </system-out>
</testsuite> <!-- ReportPack.ReportTest -->
