<?xml version="1.0" encoding="UTF-8"?>
<!-- Generated by org.testng.reporters.JUnitReportReporter -->
<testsuite hostname="DESKTOP-3J0MIIV" failures="0" tests="4" name="fruitpack.FruitShopTest" time="٠.٠١٧" errors="0" timestamp="٢٠٢٦-٠٤-٢٨T١٥:٢٠:٤٧ IDT" skipped="0">
  <testcase classname="fruitpack.FruitShopTest" name="f1" time="٠.٠١٢"/>
  <testcase classname="fruitpack.FruitShopTest" name="f3" time="٠.٠٠١"/>
  <testcase classname="fruitpack.FruitShopTest" name="f2" time="٠.٠٠٣"/>
  <testcase classname="fruitpack.FruitShopTest" name="f4" time="٠.٠٠١"/>
</testsuite> <!-- fruitpack.FruitShopTest -->
