<?xml version="1.0" encoding="UTF-8"?>
<testng-results ignored="0" total="1" passed="1" failed="0" skipped="0">
  <reporter-output>
  </reporter-output>
  <suite started-at="٢٠٢٦-٠٥-١٥T١٤:٢٧:٢٤ IDT" name="Default suite" finished-at="٢٠٢٦-٠٥-١٥T١٤:٢٧:٤٠ IDT" duration-ms="15503">
    <groups>
    </groups>
    <test started-at="٢٠٢٦-٠٥-١٥T١٤:٢٧:٢٤ IDT" name="Default test" finished-at="٢٠٢٦-٠٥-١٥T١٤:٢٧:٤٠ IDT" duration-ms="15503">
      <class name="EnDisPack.ButtonTest">
        <test-method is-config="true" signature="initDriver()[pri:0, instance:EnDisPack.ButtonTest@3b69e7d1]" started-at="٢٠٢٦-٠٥-١٥T١٤:٢٧:١٠ IDT" name="initDriver" finished-at="٢٠٢٦-٠٥-١٥T١٤:٢٧:٢٤ IDT" duration-ms="14793" status="PASS">
          <reporter-output>
          </reporter-output>
        </test-method> <!-- initDriver -->
        <test-method signature="EnabledDisabled()[pri:0, instance:EnDisPack.ButtonTest@3b69e7d1]" started-at="٢٠٢٦-٠٥-١٥T١٤:٢٧:٢٤ IDT" name="EnabledDisabled" finished-at="٢٠٢٦-٠٥-١٥T١٤:٢٧:٤٠ IDT" duration-ms="15420" status="PASS">
          <reporter-output>
          </reporter-output>
        </test-method> <!-- EnabledDisabled -->
        <test-method is-config="true" signature="tearDown()[pri:0, instance:EnDisPack.ButtonTest@3b69e7d1]" started-at="٢٠٢٦-٠٥-١٥T١٤:٢٧:٤٠ IDT" name="tearDown" finished-at="٢٠٢٦-٠٥-١٥T١٤:٢٧:٤٠ IDT" duration-ms="226" status="PASS">
          <reporter-output>
          </reporter-output>
        </test-method> <!-- tearDown -->
      </class> <!-- EnDisPack.ButtonTest -->
    </test> <!-- Default test -->
  </suite> <!-- Default suite -->
</testng-results>
