<?xml version="1.0" encoding="UTF-8"?>
<testng-results ignored="0" total="1" passed="1" failed="0" skipped="0">
  <reporter-output>
  </reporter-output>
  <suite started-at="٢٠٢٦-٠٥-١٨T١٣:٤٩:٣٣ IDT" name="Default suite" finished-at="٢٠٢٦-٠٥-١٨T١٣:٤٩:٤٨ IDT" duration-ms="15332">
    <groups>
    </groups>
    <test started-at="٢٠٢٦-٠٥-١٨T١٣:٤٩:٣٣ IDT" name="Default test" finished-at="٢٠٢٦-٠٥-١٨T١٣:٤٩:٤٨ IDT" duration-ms="15332">
      <class name="EnDisPack.ButtonTest">
        <test-method is-config="true" signature="initDriver()[pri:0, instance:EnDisPack.ButtonTest@233795b6]" started-at="٢٠٢٦-٠٥-١٨T١٣:٤٩:٢٠ IDT" name="initDriver" finished-at="٢٠٢٦-٠٥-١٨T١٣:٤٩:٣٣ IDT" duration-ms="12361" status="PASS">
          <reporter-output>
          </reporter-output>
        </test-method> <!-- initDriver -->
        <test-method signature="EnabledDisabled()[pri:0, instance:EnDisPack.ButtonTest@233795b6]" started-at="٢٠٢٦-٠٥-١٨T١٣:٤٩:٣٣ IDT" name="EnabledDisabled" finished-at="٢٠٢٦-٠٥-١٨T١٣:٤٩:٤٨ IDT" duration-ms="15240" status="PASS">
          <reporter-output>
          </reporter-output>
        </test-method> <!-- EnabledDisabled -->
        <test-method is-config="true" signature="tearDown()[pri:0, instance:EnDisPack.ButtonTest@233795b6]" started-at="٢٠٢٦-٠٥-١٨T١٣:٤٩:٤٨ IDT" name="tearDown" finished-at="٢٠٢٦-٠٥-١٨T١٣:٤٩:٤٩ IDT" duration-ms="547" status="PASS">
          <reporter-output>
          </reporter-output>
        </test-method> <!-- tearDown -->
      </class> <!-- EnDisPack.ButtonTest -->
    </test> <!-- Default test -->
  </suite> <!-- Default suite -->
</testng-results>
