<?xml version="1.0" encoding="UTF-8"?>
<!-- Generated by org.testng.reporters.JUnitReportReporter -->
<testsuite hostname="DESKTOP-3J0MIIV" failures="0" tests="2" name="checkBoxesPack.checkBoxesTest" time="٠.١٤١" errors="0" timestamp="٢٠٢٦-٠٥-١٨T١٣:٥٢:٤٢ IDT" skipped="0">
  <testcase classname="checkBoxesPack.checkBoxesTest" name="checkBoxUnCheckedTesting" time="٠.٠٣٢"/>
  <testcase classname="checkBoxesPack.checkBoxesTest" name="checkBoxCheckedTesting" time="٠.١٠٩"/>
</testsuite> <!-- checkBoxesPack.checkBoxesTest -->
