<?xml version="1.0" encoding="UTF-8"?>
<!-- Generated by org.testng.reporters.JUnitXMLReporter -->
<testsuite ignored="0" hostname="DESKTOP-3J0MIIV" failures="0" tests="12" name="email_testing" time="0.087" errors="0" timestamp="٢٠٢٦-٠٥-٠٤T١٢:٣١:٢٥ IDT">
  <testcase classname="ReportPack.ReportTest" name="testEmail" time="0.011"/>
  <testcase classname="ReportPack.ReportTest" name="testEmail" time="0.002"/>
  <testcase classname="ReportPack.ReportTest" name="testEmail" time="0.002"/>
  <testcase classname="ReportPack.ReportTest" name="testEmail" time="0.002"/>
  <testcase classname="ReportPack.ReportTest" name="testEmail" time="0.002"/>
  <testcase classname="ReportPack.ReportTest" name="testEmail" time="0.002"/>
  <testcase classname="ReportPack.ReportTest" name="testEmail" time="0.002"/>
  <testcase classname="ReportPack.ReportTest" name="testEmail" time="0.003"/>
  <testcase classname="ReportPack.ReportTest" name="testEmail" time="0.002"/>
  <testcase classname="ReportPack.ReportTest" name="testEmail" time="0.001"/>
  <testcase classname="ReportPack.ReportTest" name="testEmail" time="0.001"/>
  <testcase classname="ReportPack.ReportTest" name="testEmail" time="0.001"/>
</testsuite> <!-- email_testing -->
