<?xml version="1.0" encoding="UTF-8"?>
<testng-results ignored="0" total="1" passed="1" failed="0" skipped="0">
  <reporter-output>
  </reporter-output>
  <suite started-at="٢٠٢٦-٠٥-١٧T١٤:٤١:٥٣ IDT" name="Default suite" finished-at="٢٠٢٦-٠٥-١٧T١٤:٤١:٥٥ IDT" duration-ms="1814">
    <groups>
    </groups>
    <test started-at="٢٠٢٦-٠٥-١٧T١٤:٤١:٥٣ IDT" name="Default test" finished-at="٢٠٢٦-٠٥-١٧T١٤:٤١:٥٥ IDT" duration-ms="1814">
      <class name="datePack.dateTest">
        <test-method is-config="true" signature="initDriver()[pri:0, instance:datePack.dateTest@fbd1f6]" started-at="٢٠٢٦-٠٥-١٧T١٤:٤١:٣٣ IDT" name="initDriver" finished-at="٢٠٢٦-٠٥-١٧T١٤:٤١:٥٣ IDT" duration-ms="20414" status="PASS">
          <reporter-output>
          </reporter-output>
        </test-method> <!-- initDriver -->
        <test-method signature="dateTesting()[pri:0, instance:datePack.dateTest@fbd1f6]" started-at="٢٠٢٦-٠٥-١٧T١٤:٤١:٥٣ IDT" name="dateTesting" finished-at="٢٠٢٦-٠٥-١٧T١٤:٤١:٥٥ IDT" duration-ms="1680" status="PASS">
          <reporter-output>
          </reporter-output>
        </test-method> <!-- dateTesting -->
        <test-method is-config="true" signature="tearDown()[pri:0, instance:datePack.dateTest@fbd1f6]" started-at="٢٠٢٦-٠٥-١٧T١٤:٤١:٥٥ IDT" name="tearDown" finished-at="٢٠٢٦-٠٥-١٧T١٤:٤١:٥٥ IDT" duration-ms="169" status="PASS">
          <reporter-output>
          </reporter-output>
        </test-method> <!-- tearDown -->
      </class> <!-- datePack.dateTest -->
    </test> <!-- Default test -->
  </suite> <!-- Default suite -->
</testng-results>
