<?xml version="1.0" encoding="UTF-8"?>
<testng-results ignored="0" total="1" passed="1" failed="0" skipped="0">
  <reporter-output>
  </reporter-output>
  <suite started-at="٢٠٢٦-٠٥-١٨T١٣:٥١:٤٦ IDT" name="Default suite" finished-at="٢٠٢٦-٠٥-١٨T١٣:٥١:٤٧ IDT" duration-ms="636">
    <groups>
    </groups>
    <test started-at="٢٠٢٦-٠٥-١٨T١٣:٥١:٤٦ IDT" name="Default test" finished-at="٢٠٢٦-٠٥-١٨T١٣:٥١:٤٧ IDT" duration-ms="636">
      <class name="datePack.dateTest">
        <test-method is-config="true" signature="initDriver()[pri:0, instance:datePack.dateTest@367ffa75]" started-at="٢٠٢٦-٠٥-١٨T١٣:٥١:١٢ IDT" name="initDriver" finished-at="٢٠٢٦-٠٥-١٨T١٣:٥١:٤٦ IDT" duration-ms="34399" status="PASS">
          <reporter-output>
          </reporter-output>
        </test-method> <!-- initDriver -->
        <test-method signature="dateTesting()[pri:0, instance:datePack.dateTest@367ffa75]" started-at="٢٠٢٦-٠٥-١٨T١٣:٥١:٤٦ IDT" name="dateTesting" finished-at="٢٠٢٦-٠٥-١٨T١٣:٥١:٤٧ IDT" duration-ms="581" status="PASS">
          <reporter-output>
          </reporter-output>
        </test-method> <!-- dateTesting -->
        <test-method is-config="true" signature="tearDown()[pri:0, instance:datePack.dateTest@367ffa75]" started-at="٢٠٢٦-٠٥-١٨T١٣:٥١:٤٧ IDT" name="tearDown" finished-at="٢٠٢٦-٠٥-١٨T١٣:٥١:٤٧ IDT" duration-ms="196" status="PASS">
          <reporter-output>
          </reporter-output>
        </test-method> <!-- tearDown -->
      </class> <!-- datePack.dateTest -->
    </test> <!-- Default test -->
  </suite> <!-- Default suite -->
</testng-results>
