<?xml version="1.0" encoding="UTF-8"?>
<!-- Generated by org.testng.reporters.JUnitXMLReporter -->
<testsuite ignored="0" hostname="DESKTOP-3J0MIIV" failures="0" tests="2" name="Default test" time="0.665" errors="0" timestamp="٢٠٢٦-٠٥-١٩T١٠:١٥:٢٨ IDT">
  <testcase classname="com.assignment.Selectable_items.SelectableTest" name="testSelectFromList" time="0.284"/>
  <testcase classname="com.assignment.Selectable_items.SelectableTest" name="testSelectFromGrid" time="0.258"/>
</testsuite> <!-- Default test -->
