<?xml version="1.0" encoding="UTF-8"?>
<!-- Generated by org.testng.reporters.JUnitReportReporter -->
<testsuite hostname="DESKTOP-3J0MIIV" failures="0" tests="6" name="AlertsPack.AlertsTest" time="٣١.٦٠٩" errors="0" timestamp="٢٠٢٦-٠٥-١٧T١٦:٢٨:٣٤ IDT" skipped="0">
  <testcase classname="AlertsPack.AlertsTest" name="JSAlert" time="٤.٢٧٠"/>
  <testcase classname="AlertsPack.AlertsTest" name="JSconfirm" time="٦.٢٥٠"/>
  <testcase classname="AlertsPack.AlertsTest" name="JSconfirm" time="٤.٢٧٦"/>
  <testcase classname="AlertsPack.AlertsTest" name="JSprompt" time="٦.٢٧٨"/>
  <testcase classname="AlertsPack.AlertsTest" name="JSprompt" time="٦.٢٨٦"/>
  <testcase classname="AlertsPack.AlertsTest" name="JSprompt" time="٤.٢٤٩"/>
</testsuite> <!-- AlertsPack.AlertsTest -->
