<?xml version="1.0" encoding="UTF-8"?>
<!-- Generated by org.testng.reporters.JUnitReportReporter -->
<testsuite hostname="DESKTOP-3J0MIIV" failures="0" tests="6" name="AlertsPack.AlertsTest" time="٣٠.٩٥١" errors="0" timestamp="٢٠٢٦-٠٥-١٨T١٣:٥٣:٥٨ IDT" skipped="0">
  <testcase classname="AlertsPack.AlertsTest" name="JSAlert" time="٤.١٢٧"/>
  <testcase classname="AlertsPack.AlertsTest" name="JSconfirm" time="٦.١٦٢"/>
  <testcase classname="AlertsPack.AlertsTest" name="JSconfirm" time="٤.١٦٦"/>
  <testcase classname="AlertsPack.AlertsTest" name="JSprompt" time="٦.١٨٥"/>
  <testcase classname="AlertsPack.AlertsTest" name="JSprompt" time="٦.١٤٧"/>
  <testcase classname="AlertsPack.AlertsTest" name="JSprompt" time="٤.١٦٤"/>
</testsuite> <!-- AlertsPack.AlertsTest -->
