<?xml version="1.0" encoding="UTF-8"?>
<!-- Generated by org.testng.reporters.JUnitXMLReporter -->
<testsuite ignored="0" hostname="DESKTOP-3J0MIIV" failures="0" tests="10" name="User Auth Test" time="0.08" errors="0" timestamp="٢٠٢٦-٠٥-٠٣T١٦:١٣:٤٤ IDT">
  <testcase classname="mainpack.UserAuthenticationTest" name="testAuthentication" time="0.011"/>
  <testcase classname="mainpack.UserAuthenticationTest" name="testAuthentication" time="0.003"/>
  <testcase classname="mainpack.UserAuthenticationTest" name="testAuthentication" time="0.001"/>
  <testcase classname="mainpack.UserAuthenticationTest" name="testAuthentication" time="0.001"/>
  <testcase classname="mainpack.UserAuthenticationTest" name="testAuthentication" time="0.001"/>
  <testcase classname="mainpack.UserAuthenticationTest" name="testAuthentication" time="0.002"/>
  <testcase classname="mainpack.UserAuthenticationTest" name="testAuthentication" time="0.002"/>
  <testcase classname="mainpack.UserAuthenticationTest" name="testAuthentication" time="0.002"/>
  <testcase classname="mainpack.UserAuthenticationTest" name="testAuthentication" time="0.001"/>
  <testcase classname="mainpack.UserAuthenticationTest" name="testAuthentication" time="0.001"/>
</testsuite> <!-- User Auth Test -->
