<?xml version="1.0" encoding="UTF-8"?>
<testng-results ignored="0" total="1" passed="1" failed="0" skipped="0">
  <reporter-output>
  </reporter-output>
  <suite started-at="٢٠٢٦-٠٥-١٨T١٣:٤٥:٤٦ IDT" name="Default suite" finished-at="٢٠٢٦-٠٥-١٨T١٣:٤٥:٤٦ IDT" duration-ms="162">
    <groups>
    </groups>
    <test started-at="٢٠٢٦-٠٥-١٨T١٣:٤٥:٤٦ IDT" name="Default test" finished-at="٢٠٢٦-٠٥-١٨T١٣:٤٥:٤٦ IDT" duration-ms="162">
      <class name="tests.ByID">
        <test-method is-config="true" signature="initDriver()[pri:0, instance:tests.ByID@6ed3ccb2]" started-at="٢٠٢٦-٠٥-١٨T١٣:٤٥:٣٣ IDT" name="initDriver" finished-at="٢٠٢٦-٠٥-١٨T١٣:٤٥:٤٦ IDT" duration-ms="12796" status="PASS">
          <reporter-output>
          </reporter-output>
        </test-method> <!-- initDriver -->
        <test-method signature="findElementByID()[pri:0, instance:tests.ByID@6ed3ccb2]" started-at="٢٠٢٦-٠٥-١٨T١٣:٤٥:٤٦ IDT" name="findElementByID" finished-at="٢٠٢٦-٠٥-١٨T١٣:٤٥:٤٦ IDT" duration-ms="128" status="PASS">
          <reporter-output>
          </reporter-output>
        </test-method> <!-- findElementByID -->
        <test-method is-config="true" signature="tearDown()[pri:0, instance:tests.ByID@6ed3ccb2]" started-at="٢٠٢٦-٠٥-١٨T١٣:٤٥:٤٦ IDT" name="tearDown" finished-at="٢٠٢٦-٠٥-١٨T١٣:٤٥:٤٦ IDT" duration-ms="195" status="PASS">
          <reporter-output>
          </reporter-output>
        </test-method> <!-- tearDown -->
      </class> <!-- tests.ByID -->
    </test> <!-- Default test -->
  </suite> <!-- Default suite -->
</testng-results>
