<?xml version="1.0" encoding="UTF-8"?>
<testng-results ignored="0" total="1" passed="1" failed="0" skipped="0">
  <reporter-output>
  </reporter-output>
  <suite started-at="٢٠٢٦-٠٥-٠٨T١٤:٤٣:٠٠ IDT" name="Default suite" finished-at="٢٠٢٦-٠٥-٠٨T١٤:٤٣:٠٤ IDT" duration-ms="4820">
    <groups>
    </groups>
    <test started-at="٢٠٢٦-٠٥-٠٨T١٤:٤٣:٠٠ IDT" name="Default test" finished-at="٢٠٢٦-٠٥-٠٨T١٤:٤٣:٠٤ IDT" duration-ms="4820">
      <class name="tests.ByID">
        <test-method is-config="true" signature="setup()[pri:0, instance:tests.ByID@43bc63a3]" started-at="٢٠٢٦-٠٥-٠٨T١٤:٤٣:٠٠ IDT" name="setup" finished-at="٢٠٢٦-٠٥-٠٨T١٤:٤٣:٠٤ IDT" duration-ms="4229" status="PASS">
          <reporter-output>
          </reporter-output>
        </test-method> <!-- setup -->
        <test-method signature="findElementByID()[pri:0, instance:tests.ByID@43bc63a3]" started-at="٢٠٢٦-٠٥-٠٨T١٤:٤٣:٠٤ IDT" name="findElementByID" finished-at="٢٠٢٦-٠٥-٠٨T١٤:٤٣:٠٤ IDT" duration-ms="313" status="PASS">
          <reporter-output>
          </reporter-output>
        </test-method> <!-- findElementByID -->
        <test-method is-config="true" signature="end()[pri:0, instance:tests.ByID@43bc63a3]" started-at="٢٠٢٦-٠٥-٠٨T١٤:٤٣:٠٤ IDT" name="end" finished-at="٢٠٢٦-٠٥-٠٨T١٤:٤٣:٠٤ IDT" duration-ms="121" status="PASS">
          <reporter-output>
          </reporter-output>
        </test-method> <!-- end -->
      </class> <!-- tests.ByID -->
    </test> <!-- Default test -->
  </suite> <!-- Default suite -->
</testng-results>
