<?xml version="1.0" encoding="UTF-8"?>
<testng-results ignored="0" total="4" passed="4" failed="0" skipped="0">
  <reporter-output>
  </reporter-output>
  <suite started-at="٢٠٢٦-٠٤-٢٨T١٥:٢٠:٤٧ IDT" name="FruitShopSuite" finished-at="٢٠٢٦-٠٤-٢٨T١٥:٢٠:٤٧ IDT" duration-ms="72">
    <groups>
    </groups>
    <test started-at="٢٠٢٦-٠٤-٢٨T١٥:٢٠:٤٧ IDT" name="FruitShopTest" finished-at="٢٠٢٦-٠٤-٢٨T١٥:٢٠:٤٧ IDT" duration-ms="72">
      <class name="fruitpack.FruitShopTest">
        <test-method is-config="true" signature="beforeSuite()[pri:0, instance:fruitpack.FruitShopTest@2a4fb17b]" started-at="٢٠٢٦-٠٤-٢٨T١٥:٢٠:٤٧ IDT" name="beforeSuite" finished-at="٢٠٢٦-٠٤-٢٨T١٥:٢٠:٤٧ IDT" duration-ms="10" status="PASS">
          <reporter-output>
          </reporter-output>
        </test-method> <!-- beforeSuite -->
        <test-method signature="f1()[pri:1, instance:fruitpack.FruitShopTest@2a4fb17b]" started-at="٢٠٢٦-٠٤-٢٨T١٥:٢٠:٤٧ IDT" name="f1" finished-at="٢٠٢٦-٠٤-٢٨T١٥:٢٠:٤٧ IDT" duration-ms="12" status="PASS">
          <reporter-output>
          </reporter-output>
        </test-method> <!-- f1 -->
        <test-method signature="f3()[pri:2, instance:fruitpack.FruitShopTest@2a4fb17b]" started-at="٢٠٢٦-٠٤-٢٨T١٥:٢٠:٤٧ IDT" name="f3" finished-at="٢٠٢٦-٠٤-٢٨T١٥:٢٠:٤٧ IDT" duration-ms="1" status="PASS">
          <reporter-output>
          </reporter-output>
        </test-method> <!-- f3 -->
        <test-method signature="f2()[pri:3, instance:fruitpack.FruitShopTest@2a4fb17b]" started-at="٢٠٢٦-٠٤-٢٨T١٥:٢٠:٤٧ IDT" name="f2" finished-at="٢٠٢٦-٠٤-٢٨T١٥:٢٠:٤٧ IDT" duration-ms="3" status="PASS">
          <reporter-output>
          </reporter-output>
        </test-method> <!-- f2 -->
        <test-method signature="f4()[pri:4, instance:fruitpack.FruitShopTest@2a4fb17b]" started-at="٢٠٢٦-٠٤-٢٨T١٥:٢٠:٤٧ IDT" name="f4" finished-at="٢٠٢٦-٠٤-٢٨T١٥:٢٠:٤٧ IDT" duration-ms="1" status="PASS">
          <reporter-output>
          </reporter-output>
        </test-method> <!-- f4 -->
        <test-method is-config="true" signature="afterSuite()[pri:0, instance:fruitpack.FruitShopTest@2a4fb17b]" started-at="٢٠٢٦-٠٤-٢٨T١٥:٢٠:٤٧ IDT" name="afterSuite" finished-at="٢٠٢٦-٠٤-٢٨T١٥:٢٠:٤٧ IDT" duration-ms="2" status="PASS">
          <reporter-output>
          </reporter-output>
        </test-method> <!-- afterSuite -->
      </class> <!-- fruitpack.FruitShopTest -->
    </test> <!-- FruitShopTest -->
  </suite> <!-- FruitShopSuite -->
</testng-results>
