<?xml version="1.0" encoding="UTF-8"?>
<!-- Generated by org.testng.reporters.JUnitXMLReporter -->
<testsuite ignored="0" hostname="DESKTOP-3J0MIIV" failures="0" tests="3" name="Default test" time="0.344" errors="0" timestamp="٢٠٢٦-٠٥-١٨T١٣:٤٧:٣٣ IDT">
  <testcase classname="com.example.xpath_locator.TestXPathLocators" name="XPathLocatorByID" time="0.112"/>
  <testcase classname="com.example.xpath_locator.TestXPathLocators" name="XPathLocatorByName" time="0.066"/>
  <testcase classname="com.example.xpath_locator.TestXPathLocators" name="XPathLocatorByClassName" time="0.103"/>
</testsuite> <!-- Default test -->
