<?xml version="1.0" encoding="UTF-8"?>
<!-- Generated by org.testng.reporters.JUnitXMLReporter -->
<testsuite ignored="0" hostname="DESKTOP-3J0MIIV" failures="0" tests="3" name="Default test" time="1.03" errors="0" timestamp="٢٠٢٦-٠٥-١٠T١٦:١٧:١٦ IDT">
  <testcase classname="com.example.xpath_locator.TestXPathLocators" name="XPathLocatorByClassName" time="0.318"/>
  <testcase classname="com.example.xpath_locator.TestXPathLocators" name="XPathLocatorByID" time="0.331"/>
  <testcase classname="com.example.xpath_locator.TestXPathLocators" name="XPathLocatorByName" time="0.258"/>
</testsuite> <!-- Default test -->
