<?xml version="1.0" encoding="UTF-8"?>
<!-- Generated by org.testng.reporters.JUnitXMLReporter -->
<testsuite ignored="0" hostname="DESKTOP-3J0MIIV" failures="0" tests="6" name="Default test" time="31.73" errors="0" timestamp="٢٠٢٦-٠٥-١٧T١٦:٢٨:٣٣ IDT">
  <testcase classname="AlertsPack.AlertsTest" name="JSAlert" time="4.27"/>
  <testcase classname="AlertsPack.AlertsTest" name="JSconfirm" time="4.276"/>
  <testcase classname="AlertsPack.AlertsTest" name="JSconfirm" time="6.25"/>
  <testcase classname="AlertsPack.AlertsTest" name="JSprompt" time="4.249"/>
  <testcase classname="AlertsPack.AlertsTest" name="JSprompt" time="6.286"/>
  <testcase classname="AlertsPack.AlertsTest" name="JSprompt" time="6.278"/>
</testsuite> <!-- Default test -->
