<?xml version="1.0" encoding="UTF-8"?>
<!-- Generated by org.testng.reporters.JUnitXMLReporter -->
<testsuite ignored="0" hostname="DESKTOP-3J0MIIV" failures="0" tests="6" name="Default test" time="31.004" errors="0" timestamp="٢٠٢٦-٠٥-١٨T١٣:٥٣:٥٨ IDT">
  <testcase classname="AlertsPack.AlertsTest" name="JSAlert" time="4.127"/>
  <testcase classname="AlertsPack.AlertsTest" name="JSconfirm" time="4.166"/>
  <testcase classname="AlertsPack.AlertsTest" name="JSconfirm" time="6.162"/>
  <testcase classname="AlertsPack.AlertsTest" name="JSprompt" time="4.164"/>
  <testcase classname="AlertsPack.AlertsTest" name="JSprompt" time="6.185"/>
  <testcase classname="AlertsPack.AlertsTest" name="JSprompt" time="6.147"/>
</testsuite> <!-- Default test -->
