<?xml version="1.0" encoding="UTF-8"?>
<testng-results ignored="0" total="6" passed="6" failed="0" skipped="0">
  <reporter-output>
  </reporter-output>
  <suite started-at="٢٠٢٦-٠٥-١٧T١٦:٢٨:٠٢ IDT" name="Default suite" finished-at="٢٠٢٦-٠٥-١٧T١٦:٢٨:٣٣ IDT" duration-ms="31730">
    <groups>
    </groups>
    <test started-at="٢٠٢٦-٠٥-١٧T١٦:٢٨:٠٢ IDT" name="Default test" finished-at="٢٠٢٦-٠٥-١٧T١٦:٢٨:٣٣ IDT" duration-ms="31730">
      <class name="AlertsPack.AlertsTest">
        <test-method is-config="true" signature="initDriver()[pri:0, instance:AlertsPack.AlertsTest@b2c9a9c]" started-at="٢٠٢٦-٠٥-١٧T١٦:٢٧:٤٧ IDT" name="initDriver" finished-at="٢٠٢٦-٠٥-١٧T١٦:٢٨:٠٢ IDT" duration-ms="14563" status="PASS">
          <reporter-output>
          </reporter-output>
        </test-method> <!-- initDriver -->
        <test-method signature="JSAlert()[pri:1, instance:AlertsPack.AlertsTest@b2c9a9c]" started-at="٢٠٢٦-٠٥-١٧T١٦:٢٨:٠٢ IDT" name="JSAlert" finished-at="٢٠٢٦-٠٥-١٧T١٦:٢٨:٠٦ IDT" duration-ms="4270" status="PASS">
          <reporter-output>
          </reporter-output>
        </test-method> <!-- JSAlert -->
        <test-method signature="JSconfirm(boolean)[pri:2, instance:AlertsPack.AlertsTest@b2c9a9c]" started-at="٢٠٢٦-٠٥-١٧T١٦:٢٨:٠٦ IDT" name="JSconfirm" data-provider="JSConfirmData" finished-at="٢٠٢٦-٠٥-١٧T١٦:٢٨:١٠ IDT" duration-ms="4276" status="PASS">
          <params>
            <param index="0">
              <value>
                <![CDATA[false]]>
              </value>
            </param>
          </params>
          <reporter-output>
          </reporter-output>
        </test-method> <!-- JSconfirm -->
        <test-method signature="JSconfirm(boolean)[pri:2, instance:AlertsPack.AlertsTest@b2c9a9c]" started-at="٢٠٢٦-٠٥-١٧T١٦:٢٨:١٠ IDT" name="JSconfirm" data-provider="JSConfirmData" finished-at="٢٠٢٦-٠٥-١٧T١٦:٢٨:١٦ IDT" duration-ms="6250" status="PASS">
          <params>
            <param index="0">
              <value>
                <![CDATA[true]]>
              </value>
            </param>
          </params>
          <reporter-output>
          </reporter-output>
        </test-method> <!-- JSconfirm -->
        <test-method signature="JSprompt(java.lang.String,boolean)[pri:3, instance:AlertsPack.AlertsTest@b2c9a9c]" started-at="٢٠٢٦-٠٥-١٧T١٦:٢٨:١٦ IDT" name="JSprompt" data-provider="JSpromptData" finished-at="٢٠٢٦-٠٥-١٧T١٦:٢٨:٢١ IDT" duration-ms="4249" status="PASS">
          <params>
            <param index="0">
              <value>
                <![CDATA[]]>
              </value>
            </param>
            <param index="1">
              <value>
                <![CDATA[false]]>
              </value>
            </param>
          </params>
          <reporter-output>
          </reporter-output>
        </test-method> <!-- JSprompt -->
        <test-method signature="JSprompt(java.lang.String,boolean)[pri:3, instance:AlertsPack.AlertsTest@b2c9a9c]" started-at="٢٠٢٦-٠٥-١٧T١٦:٢٨:٢١ IDT" name="JSprompt" data-provider="JSpromptData" finished-at="٢٠٢٦-٠٥-١٧T١٦:٢٨:٢٧ IDT" duration-ms="6286" status="PASS">
          <params>
            <param index="0">
              <value>
                <![CDATA[Hello]]>
              </value>
            </param>
            <param index="1">
              <value>
                <![CDATA[true]]>
              </value>
            </param>
          </params>
          <reporter-output>
          </reporter-output>
        </test-method> <!-- JSprompt -->
        <test-method signature="JSprompt(java.lang.String,boolean)[pri:3, instance:AlertsPack.AlertsTest@b2c9a9c]" started-at="٢٠٢٦-٠٥-١٧T١٦:٢٨:٢٧ IDT" name="JSprompt" data-provider="JSpromptData" finished-at="٢٠٢٦-٠٥-١٧T١٦:٢٨:٣٣ IDT" duration-ms="6278" status="PASS">
          <params>
            <param index="0">
              <value>
                <![CDATA[]]>
              </value>
            </param>
            <param index="1">
              <value>
                <![CDATA[true]]>
              </value>
            </param>
          </params>
          <reporter-output>
          </reporter-output>
        </test-method> <!-- JSprompt -->
        <test-method is-config="true" signature="tearDown()[pri:0, instance:AlertsPack.AlertsTest@b2c9a9c]" started-at="٢٠٢٦-٠٥-١٧T١٦:٢٨:٣٣ IDT" name="tearDown" finished-at="٢٠٢٦-٠٥-١٧T١٦:٢٨:٣٤ IDT" duration-ms="182" status="PASS">
          <reporter-output>
          </reporter-output>
        </test-method> <!-- tearDown -->
      </class> <!-- AlertsPack.AlertsTest -->
    </test> <!-- Default test -->
  </suite> <!-- Default suite -->
</testng-results>
