<?xml version="1.0" encoding="UTF-8"?>
<testng-results ignored="0" total="6" passed="6" failed="0" skipped="0">
  <reporter-output>
  </reporter-output>
  <suite started-at="٢٠٢٦-٠٥-١٨T١٣:٥٣:٢٧ IDT" name="Default suite" finished-at="٢٠٢٦-٠٥-١٨T١٣:٥٣:٥٨ IDT" duration-ms="31004">
    <groups>
    </groups>
    <test started-at="٢٠٢٦-٠٥-١٨T١٣:٥٣:٢٧ IDT" name="Default test" finished-at="٢٠٢٦-٠٥-١٨T١٣:٥٣:٥٨ IDT" duration-ms="31004">
      <class name="AlertsPack.AlertsTest">
        <test-method is-config="true" signature="initDriver()[pri:0, instance:AlertsPack.AlertsTest@2362f559]" started-at="٢٠٢٦-٠٥-١٨T١٣:٥٣:١٩ IDT" name="initDriver" finished-at="٢٠٢٦-٠٥-١٨T١٣:٥٣:٢٧ IDT" duration-ms="8111" status="PASS">
          <reporter-output>
          </reporter-output>
        </test-method> <!-- initDriver -->
        <test-method signature="JSAlert()[pri:1, instance:AlertsPack.AlertsTest@2362f559]" started-at="٢٠٢٦-٠٥-١٨T١٣:٥٣:٢٧ IDT" name="JSAlert" finished-at="٢٠٢٦-٠٥-١٨T١٣:٥٣:٣١ IDT" duration-ms="4127" status="PASS">
          <reporter-output>
          </reporter-output>
        </test-method> <!-- JSAlert -->
        <test-method signature="JSconfirm(boolean)[pri:2, instance:AlertsPack.AlertsTest@2362f559]" started-at="٢٠٢٦-٠٥-١٨T١٣:٥٣:٣١ IDT" name="JSconfirm" data-provider="JSConfirmData" finished-at="٢٠٢٦-٠٥-١٨T١٣:٥٣:٣٥ IDT" duration-ms="4166" status="PASS">
          <params>
            <param index="0">
              <value>
                <![CDATA[false]]>
              </value>
            </param>
          </params>
          <reporter-output>
          </reporter-output>
        </test-method> <!-- JSconfirm -->
        <test-method signature="JSconfirm(boolean)[pri:2, instance:AlertsPack.AlertsTest@2362f559]" started-at="٢٠٢٦-٠٥-١٨T١٣:٥٣:٣٥ IDT" name="JSconfirm" data-provider="JSConfirmData" finished-at="٢٠٢٦-٠٥-١٨T١٣:٥٣:٤١ IDT" duration-ms="6162" status="PASS">
          <params>
            <param index="0">
              <value>
                <![CDATA[true]]>
              </value>
            </param>
          </params>
          <reporter-output>
          </reporter-output>
        </test-method> <!-- JSconfirm -->
        <test-method signature="JSprompt(java.lang.String,boolean)[pri:3, instance:AlertsPack.AlertsTest@2362f559]" started-at="٢٠٢٦-٠٥-١٨T١٣:٥٣:٤١ IDT" name="JSprompt" data-provider="JSpromptData" finished-at="٢٠٢٦-٠٥-١٨T١٣:٥٣:٤٥ IDT" duration-ms="4164" status="PASS">
          <params>
            <param index="0">
              <value>
                <![CDATA[]]>
              </value>
            </param>
            <param index="1">
              <value>
                <![CDATA[false]]>
              </value>
            </param>
          </params>
          <reporter-output>
          </reporter-output>
        </test-method> <!-- JSprompt -->
        <test-method signature="JSprompt(java.lang.String,boolean)[pri:3, instance:AlertsPack.AlertsTest@2362f559]" started-at="٢٠٢٦-٠٥-١٨T١٣:٥٣:٤٥ IDT" name="JSprompt" data-provider="JSpromptData" finished-at="٢٠٢٦-٠٥-١٨T١٣:٥٣:٥٢ IDT" duration-ms="6185" status="PASS">
          <params>
            <param index="0">
              <value>
                <![CDATA[Hello]]>
              </value>
            </param>
            <param index="1">
              <value>
                <![CDATA[true]]>
              </value>
            </param>
          </params>
          <reporter-output>
          </reporter-output>
        </test-method> <!-- JSprompt -->
        <test-method signature="JSprompt(java.lang.String,boolean)[pri:3, instance:AlertsPack.AlertsTest@2362f559]" started-at="٢٠٢٦-٠٥-١٨T١٣:٥٣:٥٢ IDT" name="JSprompt" data-provider="JSpromptData" finished-at="٢٠٢٦-٠٥-١٨T١٣:٥٣:٥٨ IDT" duration-ms="6147" status="PASS">
          <params>
            <param index="0">
              <value>
                <![CDATA[]]>
              </value>
            </param>
            <param index="1">
              <value>
                <![CDATA[true]]>
              </value>
            </param>
          </params>
          <reporter-output>
          </reporter-output>
        </test-method> <!-- JSprompt -->
        <test-method is-config="true" signature="tearDown()[pri:0, instance:AlertsPack.AlertsTest@2362f559]" started-at="٢٠٢٦-٠٥-١٨T١٣:٥٣:٥٨ IDT" name="tearDown" finished-at="٢٠٢٦-٠٥-١٨T١٣:٥٣:٥٨ IDT" duration-ms="206" status="PASS">
          <reporter-output>
          </reporter-output>
        </test-method> <!-- tearDown -->
      </class> <!-- AlertsPack.AlertsTest -->
    </test> <!-- Default test -->
  </suite> <!-- Default suite -->
</testng-results>
