<?xml version="1.0" encoding="UTF-8"?>
<testng-results ignored="0" total="10" passed="10" failed="0" skipped="0">
  <reporter-output>
  </reporter-output>
  <suite started-at="٢٠٢٦-٠٥-٠٣T١٦:١٢:٥٧ IDT" name="Default suite" finished-at="٢٠٢٦-٠٥-٠٣T١٦:١٢:٥٧ IDT" duration-ms="75">
    <groups>
    </groups>
    <test started-at="٢٠٢٦-٠٥-٠٣T١٦:١٢:٥٧ IDT" name="Default test" finished-at="٢٠٢٦-٠٥-٠٣T١٦:١٢:٥٧ IDT" duration-ms="75">
      <class name="mainpack.UserAuthenticationTest">
        <test-method signature="testAuthentication(java.lang.String,java.lang.String,boolean)[pri:0, instance:mainpack.UserAuthenticationTest@3febb011]" started-at="٢٠٢٦-٠٥-٠٣T١٦:١٢:٥٧ IDT" name="testAuthentication" data-provider="users" finished-at="٢٠٢٦-٠٥-٠٣T١٦:١٢:٥٧ IDT" duration-ms="9" status="PASS">
          <params>
            <param index="0">
              <value>
                <![CDATA[admin]]>
              </value>
            </param>
            <param index="1">
              <value>
                <![CDATA[password123]]>
              </value>
            </param>
            <param index="2">
              <value>
                <![CDATA[true]]>
              </value>
            </param>
          </params>
          <reporter-output>
          </reporter-output>
        </test-method> <!-- testAuthentication -->
        <test-method signature="testAuthentication(java.lang.String,java.lang.String,boolean)[pri:0, instance:mainpack.UserAuthenticationTest@3febb011]" started-at="٢٠٢٦-٠٥-٠٣T١٦:١٢:٥٧ IDT" name="testAuthentication" data-provider="users" finished-at="٢٠٢٦-٠٥-٠٣T١٦:١٢:٥٧ IDT" duration-ms="1" status="PASS">
          <params>
            <param index="0">
              <value>
                <![CDATA[admin]]>
              </value>
            </param>
            <param index="1">
              <value>
                <![CDATA[wrongpassword]]>
              </value>
            </param>
            <param index="2">
              <value>
                <![CDATA[false]]>
              </value>
            </param>
          </params>
          <reporter-output>
          </reporter-output>
        </test-method> <!-- testAuthentication -->
        <test-method signature="testAuthentication(java.lang.String,java.lang.String,boolean)[pri:0, instance:mainpack.UserAuthenticationTest@3febb011]" started-at="٢٠٢٦-٠٥-٠٣T١٦:١٢:٥٧ IDT" name="testAuthentication" data-provider="users" finished-at="٢٠٢٦-٠٥-٠٣T١٦:١٢:٥٧ IDT" duration-ms="1" status="PASS">
          <params>
            <param index="0">
              <value>
                <![CDATA[user]]>
              </value>
            </param>
            <param index="1">
              <value>
                <![CDATA[password123]]>
              </value>
            </param>
            <param index="2">
              <value>
                <![CDATA[false]]>
              </value>
            </param>
          </params>
          <reporter-output>
          </reporter-output>
        </test-method> <!-- testAuthentication -->
        <test-method signature="testAuthentication(java.lang.String,java.lang.String,boolean)[pri:0, instance:mainpack.UserAuthenticationTest@3febb011]" started-at="٢٠٢٦-٠٥-٠٣T١٦:١٢:٥٧ IDT" name="testAuthentication" data-provider="users" finished-at="٢٠٢٦-٠٥-٠٣T١٦:١٢:٥٧ IDT" duration-ms="1" status="PASS">
          <params>
            <param index="0">
              <value>
                <![CDATA[user]]>
              </value>
            </param>
            <param index="1">
              <value>
                <![CDATA[wrongpassword]]>
              </value>
            </param>
            <param index="2">
              <value>
                <![CDATA[false]]>
              </value>
            </param>
          </params>
          <reporter-output>
          </reporter-output>
        </test-method> <!-- testAuthentication -->
        <test-method signature="testAuthentication(java.lang.String,java.lang.String,boolean)[pri:0, instance:mainpack.UserAuthenticationTest@3febb011]" started-at="٢٠٢٦-٠٥-٠٣T١٦:١٢:٥٧ IDT" name="testAuthentication" data-provider="users" finished-at="٢٠٢٦-٠٥-٠٣T١٦:١٢:٥٧ IDT" duration-ms="1" status="PASS">
          <params>
            <param index="0">
              <value>
                <![CDATA[]]>
              </value>
            </param>
            <param index="1">
              <value>
                <![CDATA[]]>
              </value>
            </param>
            <param index="2">
              <value>
                <![CDATA[false]]>
              </value>
            </param>
          </params>
          <reporter-output>
          </reporter-output>
        </test-method> <!-- testAuthentication -->
        <test-method signature="testAuthentication(java.lang.String,java.lang.String,boolean)[pri:0, instance:mainpack.UserAuthenticationTest@3febb011]" started-at="٢٠٢٦-٠٥-٠٣T١٦:١٢:٥٧ IDT" name="testAuthentication" data-provider="users" finished-at="٢٠٢٦-٠٥-٠٣T١٦:١٢:٥٧ IDT" duration-ms="1" status="PASS">
          <params>
            <param index="0">
              <value>
                <![CDATA[]]>
              </value>
            </param>
            <param index="1">
              <value>
                <![CDATA[password123]]>
              </value>
            </param>
            <param index="2">
              <value>
                <![CDATA[false]]>
              </value>
            </param>
          </params>
          <reporter-output>
          </reporter-output>
        </test-method> <!-- testAuthentication -->
        <test-method signature="testAuthentication(java.lang.String,java.lang.String,boolean)[pri:0, instance:mainpack.UserAuthenticationTest@3febb011]" started-at="٢٠٢٦-٠٥-٠٣T١٦:١٢:٥٧ IDT" name="testAuthentication" data-provider="users" finished-at="٢٠٢٦-٠٥-٠٣T١٦:١٢:٥٧ IDT" duration-ms="2" status="PASS">
          <params>
            <param index="0">
              <value>
                <![CDATA[admin]]>
              </value>
            </param>
            <param index="1">
              <value>
                <![CDATA[]]>
              </value>
            </param>
            <param index="2">
              <value>
                <![CDATA[false]]>
              </value>
            </param>
          </params>
          <reporter-output>
          </reporter-output>
        </test-method> <!-- testAuthentication -->
        <test-method signature="testAuthentication(java.lang.String,java.lang.String,boolean)[pri:0, instance:mainpack.UserAuthenticationTest@3febb011]" started-at="٢٠٢٦-٠٥-٠٣T١٦:١٢:٥٧ IDT" name="testAuthentication" data-provider="users" finished-at="٢٠٢٦-٠٥-٠٣T١٦:١٢:٥٧ IDT" duration-ms="1" status="PASS">
          <params>
            <param index="0">
              <value>
                <![CDATA[ ]]>
              </value>
            </param>
            <param index="1">
              <value>
                <![CDATA[ ]]>
              </value>
            </param>
            <param index="2">
              <value>
                <![CDATA[false]]>
              </value>
            </param>
          </params>
          <reporter-output>
          </reporter-output>
        </test-method> <!-- testAuthentication -->
        <test-method signature="testAuthentication(java.lang.String,java.lang.String,boolean)[pri:0, instance:mainpack.UserAuthenticationTest@3febb011]" started-at="٢٠٢٦-٠٥-٠٣T١٦:١٢:٥٧ IDT" name="testAuthentication" data-provider="users" finished-at="٢٠٢٦-٠٥-٠٣T١٦:١٢:٥٧ IDT" duration-ms="4" status="PASS">
          <params>
            <param index="0">
              <value>
                <![CDATA[ admin]]>
              </value>
            </param>
            <param index="1">
              <value>
                <![CDATA[password123]]>
              </value>
            </param>
            <param index="2">
              <value>
                <![CDATA[false]]>
              </value>
            </param>
          </params>
          <reporter-output>
          </reporter-output>
        </test-method> <!-- testAuthentication -->
        <test-method signature="testAuthentication(java.lang.String,java.lang.String,boolean)[pri:0, instance:mainpack.UserAuthenticationTest@3febb011]" started-at="٢٠٢٦-٠٥-٠٣T١٦:١٢:٥٧ IDT" name="testAuthentication" data-provider="users" finished-at="٢٠٢٦-٠٥-٠٣T١٦:١٢:٥٧ IDT" duration-ms="1" status="PASS">
          <params>
            <param index="0">
              <value>
                <![CDATA[admin]]>
              </value>
            </param>
            <param index="1">
              <value>
                <![CDATA[password123 ]]>
              </value>
            </param>
            <param index="2">
              <value>
                <![CDATA[false]]>
              </value>
            </param>
          </params>
          <reporter-output>
          </reporter-output>
        </test-method> <!-- testAuthentication -->
      </class> <!-- mainpack.UserAuthenticationTest -->
    </test> <!-- Default test -->
  </suite> <!-- Default suite -->
</testng-results>
