<?xml version="1.0" encoding="UTF-8"?>
<!-- Generated by org.testng.reporters.JUnitReportReporter -->
<testsuite hostname="DESKTOP-3J0MIIV" failures="0" tests="10" name="mainpack.UserAuthenticationTest" time="٠.٠٢٥" errors="0" timestamp="٢٠٢٦-٠٥-٠٣T١٦:١٣:٤٥ IDT" skipped="0">
  <testcase classname="mainpack.UserAuthenticationTest" name="testAuthentication" time="٠.٠٠٢"/>
  <testcase classname="mainpack.UserAuthenticationTest" name="testAuthentication" time="٠.٠٠٣"/>
  <testcase classname="mainpack.UserAuthenticationTest" name="testAuthentication" time="٠.٠٠١"/>
  <testcase classname="mainpack.UserAuthenticationTest" name="testAuthentication" time="٠.٠٠٢"/>
  <testcase classname="mainpack.UserAuthenticationTest" name="testAuthentication" time="٠.٠٠١"/>
  <testcase classname="mainpack.UserAuthenticationTest" name="testAuthentication" time="٠.٠٠١"/>
  <testcase classname="mainpack.UserAuthenticationTest" name="testAuthentication" time="٠.٠١١"/>
  <testcase classname="mainpack.UserAuthenticationTest" name="testAuthentication" time="٠.٠٠١"/>
  <testcase classname="mainpack.UserAuthenticationTest" name="testAuthentication" time="٠.٠٠٢"/>
  <testcase classname="mainpack.UserAuthenticationTest" name="testAuthentication" time="٠.٠٠١"/>
</testsuite> <!-- mainpack.UserAuthenticationTest -->
