<?xml version="1.0" encoding="UTF-8"?>
<testng-results ignored="0" total="12" passed="12" failed="0" skipped="0">
  <reporter-output>
    <line>
      <![CDATA[Starting test for email: rawadisayed@gmail.com]]>
    </line>
    <line>
      <![CDATA[Expected Result: true]]>
    </line>
    <line>
      <![CDATA[Actual Result: true]]>
    </line>
    <line>
      <![CDATA[Starting test for email: mohammedSwessy@yahoo.com]]>
    </line>
    <line>
      <![CDATA[Expected Result: true]]>
    </line>
    <line>
      <![CDATA[Actual Result: true]]>
    </line>
    <line>
      <![CDATA[Starting test for email: hamza.afan@outlook.com]]>
    </line>
    <line>
      <![CDATA[Expected Result: true]]>
    </line>
    <line>
      <![CDATA[Actual Result: true]]>
    </line>
    <line>
      <![CDATA[Starting test for email: mamoun_suboh@axsos.academy]]>
    </line>
    <line>
      <![CDATA[Expected Result: true]]>
    </line>
    <line>
      <![CDATA[Actual Result: true]]>
    </line>
    <line>
      <![CDATA[Starting test for email: test@invalid]]>
    </line>
    <line>
      <![CDATA[Expected Result: false]]>
    </line>
    <line>
      <![CDATA[Actual Result: false]]>
    </line>
    <line>
      <![CDATA[Starting test for email: invalidgmail.com]]>
    </line>
    <line>
      <![CDATA[Expected Result: false]]>
    </line>
    <line>
      <![CDATA[Actual Result: false]]>
    </line>
    <line>
      <![CDATA[Starting test for email: @gmail.com]]>
    </line>
    <line>
      <![CDATA[Expected Result: false]]>
    </line>
    <line>
      <![CDATA[Actual Result: false]]>
    </line>
    <line>
      <![CDATA[Starting test for email:   test@yahoo.com  ]]>
    </line>
    <line>
      <![CDATA[Expected Result: true]]>
    </line>
    <line>
      <![CDATA[Actual Result: true]]>
    </line>
    <line>
      <![CDATA[Starting test for email: test@@gmail.com]]>
    </line>
    <line>
      <![CDATA[Expected Result: false]]>
    </line>
    <line>
      <![CDATA[Actual Result: false]]>
    </line>
    <line>
      <![CDATA[Starting test for email: test@.com]]>
    </line>
    <line>
      <![CDATA[Expected Result: false]]>
    </line>
    <line>
      <![CDATA[Actual Result: false]]>
    </line>
    <line>
      <![CDATA[Starting test for email: test@domain..com]]>
    </line>
    <line>
      <![CDATA[Expected Result: false]]>
    </line>
    <line>
      <![CDATA[Actual Result: false]]>
    </line>
    <line>
      <![CDATA[Starting test for email: ]]>
    </line>
    <line>
      <![CDATA[Expected Result: false]]>
    </line>
    <line>
      <![CDATA[Actual Result: false]]>
    </line>
  </reporter-output>
  <suite started-at="٢٠٢٦-٠٥-٠٤T١٢:٣١:٢٥ IDT" name="report_suite" finished-at="٢٠٢٦-٠٥-٠٤T١٢:٣١:٢٥ IDT" duration-ms="87">
    <groups>
    </groups>
    <test started-at="٢٠٢٦-٠٥-٠٤T١٢:٣١:٢٥ IDT" name="email_testing" finished-at="٢٠٢٦-٠٥-٠٤T١٢:٣١:٢٥ IDT" duration-ms="87">
      <class name="ReportPack.ReportTest">
        <test-method signature="testEmail(java.lang.String,boolean)[pri:0, instance:ReportPack.ReportTest@8f4ea7c]" started-at="٢٠٢٦-٠٥-٠٤T١٢:٣١:٢٥ IDT" name="testEmail" data-provider="emailData" finished-at="٢٠٢٦-٠٥-٠٤T١٢:٣١:٢٥ IDT" duration-ms="11" status="PASS">
          <params>
            <param index="0">
              <value>
                <![CDATA[rawadisayed@gmail.com]]>
              </value>
            </param>
            <param index="1">
              <value>
                <![CDATA[true]]>
              </value>
            </param>
          </params>
          <reporter-output>
            <line>
              <![CDATA[Starting test for email: rawadisayed@gmail.com]]>
            </line>
            <line>
              <![CDATA[Expected Result: true]]>
            </line>
            <line>
              <![CDATA[Actual Result: true]]>
            </line>
          </reporter-output>
        </test-method> <!-- testEmail -->
        <test-method signature="testEmail(java.lang.String,boolean)[pri:0, instance:ReportPack.ReportTest@8f4ea7c]" started-at="٢٠٢٦-٠٥-٠٤T١٢:٣١:٢٥ IDT" name="testEmail" data-provider="emailData" finished-at="٢٠٢٦-٠٥-٠٤T١٢:٣١:٢٥ IDT" duration-ms="2" status="PASS">
          <params>
            <param index="0">
              <value>
                <![CDATA[mohammedSwessy@yahoo.com]]>
              </value>
            </param>
            <param index="1">
              <value>
                <![CDATA[true]]>
              </value>
            </param>
          </params>
          <reporter-output>
            <line>
              <![CDATA[Starting test for email: mohammedSwessy@yahoo.com]]>
            </line>
            <line>
              <![CDATA[Expected Result: true]]>
            </line>
            <line>
              <![CDATA[Actual Result: true]]>
            </line>
          </reporter-output>
        </test-method> <!-- testEmail -->
        <test-method signature="testEmail(java.lang.String,boolean)[pri:0, instance:ReportPack.ReportTest@8f4ea7c]" started-at="٢٠٢٦-٠٥-٠٤T١٢:٣١:٢٥ IDT" name="testEmail" data-provider="emailData" finished-at="٢٠٢٦-٠٥-٠٤T١٢:٣١:٢٥ IDT" duration-ms="2" status="PASS">
          <params>
            <param index="0">
              <value>
                <![CDATA[hamza.afan@outlook.com]]>
              </value>
            </param>
            <param index="1">
              <value>
                <![CDATA[true]]>
              </value>
            </param>
          </params>
          <reporter-output>
            <line>
              <![CDATA[Starting test for email: hamza.afan@outlook.com]]>
            </line>
            <line>
              <![CDATA[Expected Result: true]]>
            </line>
            <line>
              <![CDATA[Actual Result: true]]>
            </line>
          </reporter-output>
        </test-method> <!-- testEmail -->
        <test-method signature="testEmail(java.lang.String,boolean)[pri:0, instance:ReportPack.ReportTest@8f4ea7c]" started-at="٢٠٢٦-٠٥-٠٤T١٢:٣١:٢٥ IDT" name="testEmail" data-provider="emailData" finished-at="٢٠٢٦-٠٥-٠٤T١٢:٣١:٢٥ IDT" duration-ms="2" status="PASS">
          <params>
            <param index="0">
              <value>
                <![CDATA[mamoun_suboh@axsos.academy]]>
              </value>
            </param>
            <param index="1">
              <value>
                <![CDATA[true]]>
              </value>
            </param>
          </params>
          <reporter-output>
            <line>
              <![CDATA[Starting test for email: mamoun_suboh@axsos.academy]]>
            </line>
            <line>
              <![CDATA[Expected Result: true]]>
            </line>
            <line>
              <![CDATA[Actual Result: true]]>
            </line>
          </reporter-output>
        </test-method> <!-- testEmail -->
        <test-method signature="testEmail(java.lang.String,boolean)[pri:0, instance:ReportPack.ReportTest@8f4ea7c]" started-at="٢٠٢٦-٠٥-٠٤T١٢:٣١:٢٥ IDT" name="testEmail" data-provider="emailData" finished-at="٢٠٢٦-٠٥-٠٤T١٢:٣١:٢٥ IDT" duration-ms="2" status="PASS">
          <params>
            <param index="0">
              <value>
                <![CDATA[test@invalid]]>
              </value>
            </param>
            <param index="1">
              <value>
                <![CDATA[false]]>
              </value>
            </param>
          </params>
          <reporter-output>
            <line>
              <![CDATA[Starting test for email: test@invalid]]>
            </line>
            <line>
              <![CDATA[Expected Result: false]]>
            </line>
            <line>
              <![CDATA[Actual Result: false]]>
            </line>
          </reporter-output>
        </test-method> <!-- testEmail -->
        <test-method signature="testEmail(java.lang.String,boolean)[pri:0, instance:ReportPack.ReportTest@8f4ea7c]" started-at="٢٠٢٦-٠٥-٠٤T١٢:٣١:٢٥ IDT" name="testEmail" data-provider="emailData" finished-at="٢٠٢٦-٠٥-٠٤T١٢:٣١:٢٥ IDT" duration-ms="2" status="PASS">
          <params>
            <param index="0">
              <value>
                <![CDATA[invalidgmail.com]]>
              </value>
            </param>
            <param index="1">
              <value>
                <![CDATA[false]]>
              </value>
            </param>
          </params>
          <reporter-output>
            <line>
              <![CDATA[Starting test for email: invalidgmail.com]]>
            </line>
            <line>
              <![CDATA[Expected Result: false]]>
            </line>
            <line>
              <![CDATA[Actual Result: false]]>
            </line>
          </reporter-output>
        </test-method> <!-- testEmail -->
        <test-method signature="testEmail(java.lang.String,boolean)[pri:0, instance:ReportPack.ReportTest@8f4ea7c]" started-at="٢٠٢٦-٠٥-٠٤T١٢:٣١:٢٥ IDT" name="testEmail" data-provider="emailData" finished-at="٢٠٢٦-٠٥-٠٤T١٢:٣١:٢٥ IDT" duration-ms="2" status="PASS">
          <params>
            <param index="0">
              <value>
                <![CDATA[@gmail.com]]>
              </value>
            </param>
            <param index="1">
              <value>
                <![CDATA[false]]>
              </value>
            </param>
          </params>
          <reporter-output>
            <line>
              <![CDATA[Starting test for email: @gmail.com]]>
            </line>
            <line>
              <![CDATA[Expected Result: false]]>
            </line>
            <line>
              <![CDATA[Actual Result: false]]>
            </line>
          </reporter-output>
        </test-method> <!-- testEmail -->
        <test-method signature="testEmail(java.lang.String,boolean)[pri:0, instance:ReportPack.ReportTest@8f4ea7c]" started-at="٢٠٢٦-٠٥-٠٤T١٢:٣١:٢٥ IDT" name="testEmail" data-provider="emailData" finished-at="٢٠٢٦-٠٥-٠٤T١٢:٣١:٢٥ IDT" duration-ms="3" status="PASS">
          <params>
            <param index="0">
              <value>
                <![CDATA[  test@yahoo.com  ]]>
              </value>
            </param>
            <param index="1">
              <value>
                <![CDATA[true]]>
              </value>
            </param>
          </params>
          <reporter-output>
            <line>
              <![CDATA[Starting test for email:   test@yahoo.com  ]]>
            </line>
            <line>
              <![CDATA[Expected Result: true]]>
            </line>
            <line>
              <![CDATA[Actual Result: true]]>
            </line>
          </reporter-output>
        </test-method> <!-- testEmail -->
        <test-method signature="testEmail(java.lang.String,boolean)[pri:0, instance:ReportPack.ReportTest@8f4ea7c]" started-at="٢٠٢٦-٠٥-٠٤T١٢:٣١:٢٥ IDT" name="testEmail" data-provider="emailData" finished-at="٢٠٢٦-٠٥-٠٤T١٢:٣١:٢٥ IDT" duration-ms="2" status="PASS">
          <params>
            <param index="0">
              <value>
                <![CDATA[test@@gmail.com]]>
              </value>
            </param>
            <param index="1">
              <value>
                <![CDATA[false]]>
              </value>
            </param>
          </params>
          <reporter-output>
            <line>
              <![CDATA[Starting test for email: test@@gmail.com]]>
            </line>
            <line>
              <![CDATA[Expected Result: false]]>
            </line>
            <line>
              <![CDATA[Actual Result: false]]>
            </line>
          </reporter-output>
        </test-method> <!-- testEmail -->
        <test-method signature="testEmail(java.lang.String,boolean)[pri:0, instance:ReportPack.ReportTest@8f4ea7c]" started-at="٢٠٢٦-٠٥-٠٤T١٢:٣١:٢٥ IDT" name="testEmail" data-provider="emailData" finished-at="٢٠٢٦-٠٥-٠٤T١٢:٣١:٢٥ IDT" duration-ms="1" status="PASS">
          <params>
            <param index="0">
              <value>
                <![CDATA[test@.com]]>
              </value>
            </param>
            <param index="1">
              <value>
                <![CDATA[false]]>
              </value>
            </param>
          </params>
          <reporter-output>
            <line>
              <![CDATA[Starting test for email: test@.com]]>
            </line>
            <line>
              <![CDATA[Expected Result: false]]>
            </line>
            <line>
              <![CDATA[Actual Result: false]]>
            </line>
          </reporter-output>
        </test-method> <!-- testEmail -->
        <test-method signature="testEmail(java.lang.String,boolean)[pri:0, instance:ReportPack.ReportTest@8f4ea7c]" started-at="٢٠٢٦-٠٥-٠٤T١٢:٣١:٢٥ IDT" name="testEmail" data-provider="emailData" finished-at="٢٠٢٦-٠٥-٠٤T١٢:٣١:٢٥ IDT" duration-ms="1" status="PASS">
          <params>
            <param index="0">
              <value>
                <![CDATA[test@domain..com]]>
              </value>
            </param>
            <param index="1">
              <value>
                <![CDATA[false]]>
              </value>
            </param>
          </params>
          <reporter-output>
            <line>
              <![CDATA[Starting test for email: test@domain..com]]>
            </line>
            <line>
              <![CDATA[Expected Result: false]]>
            </line>
            <line>
              <![CDATA[Actual Result: false]]>
            </line>
          </reporter-output>
        </test-method> <!-- testEmail -->
        <test-method signature="testEmail(java.lang.String,boolean)[pri:0, instance:ReportPack.ReportTest@8f4ea7c]" started-at="٢٠٢٦-٠٥-٠٤T١٢:٣١:٢٥ IDT" name="testEmail" data-provider="emailData" finished-at="٢٠٢٦-٠٥-٠٤T١٢:٣١:٢٥ IDT" duration-ms="1" status="PASS">
          <params>
            <param index="0">
              <value>
                <![CDATA[]]>
              </value>
            </param>
            <param index="1">
              <value>
                <![CDATA[false]]>
              </value>
            </param>
          </params>
          <reporter-output>
            <line>
              <![CDATA[Starting test for email: ]]>
            </line>
            <line>
              <![CDATA[Expected Result: false]]>
            </line>
            <line>
              <![CDATA[Actual Result: false]]>
            </line>
          </reporter-output>
        </test-method> <!-- testEmail -->
      </class> <!-- ReportPack.ReportTest -->
    </test> <!-- email_testing -->
  </suite> <!-- report_suite -->
</testng-results>
