<?xml version="1.0" encoding="UTF-8"?>
<!-- Generated by org.testng.reporters.JUnitReportReporter -->
<testsuite hostname="DESKTOP-3J0MIIV" failures="0" tests="2" name="com.assignment.Selectable_items.SelectableTest" time="٠.٥٤٢" errors="0" timestamp="٢٠٢٦-٠٥-١٩T١٠:١٥:٣٣ IDT" skipped="0">
  <testcase classname="com.assignment.Selectable_items.SelectableTest" name="testSelectFromList" time="٠.٢٨٤"/>
  <testcase classname="com.assignment.Selectable_items.SelectableTest" name="testSelectFromGrid" time="٠.٢٥٨"/>
</testsuite> <!-- com.assignment.Selectable_items.SelectableTest -->
