<?xml version="1.0" encoding="UTF-8"?>
<!-- Generated by org.testng.reporters.JUnitXMLReporter -->
<testsuite ignored="0" hostname="DESKTOP-3J0MIIV" failures="0" tests="4" name="FruitShopTest" time="0.072" errors="0" timestamp="٢٠٢٦-٠٤-٢٨T١٥:٢٠:٤٧ IDT">
  <testcase classname="fruitpack.FruitShopTest" name="f1" time="0.012"/>
  <testcase classname="fruitpack.FruitShopTest" name="f3" time="0.001"/>
  <testcase classname="fruitpack.FruitShopTest" name="f2" time="0.003"/>
  <testcase classname="fruitpack.FruitShopTest" name="f4" time="0.001"/>
</testsuite> <!-- FruitShopTest -->
