<?xml version="1.0" encoding="UTF-8"?>
<testng-results ignored="0" total="5" passed="4" failed="1" skipped="0">
  <reporter-output>
  </reporter-output>
  <suite started-at="٢٠٢٦-٠٥-٠٤T١٩:١٤:٥٢ IDT" name="Default suite" finished-at="٢٠٢٦-٠٥-٠٤T١٩:١٤:٥٢ IDT" duration-ms="60">
    <groups>
    </groups>
    <test started-at="٢٠٢٦-٠٥-٠٤T١٩:١٤:٥٢ IDT" name="Default test" finished-at="٢٠٢٦-٠٥-٠٤T١٩:١٤:٥٢ IDT" duration-ms="60">
      <class name="mainPack.PrimeNumberCheckerTest">
        <test-method signature="testIsPrime(java.lang.String,int,boolean)[pri:0, instance:mainPack.PrimeNumberCheckerTest@8f4ea7c]" started-at="٢٠٢٦-٠٥-٠٤T١٩:١٤:٥٢ IDT" name="testIsPrime" data-provider="getPrimeNumbers" finished-at="٢٠٢٦-٠٥-٠٤T١٩:١٤:٥٢ IDT" duration-ms="10" status="PASS">
          <params>
            <param index="0">
              <value>
                <![CDATA[Small prime]]>
              </value>
            </param>
            <param index="1">
              <value>
                <![CDATA[3]]>
              </value>
            </param>
            <param index="2">
              <value>
                <![CDATA[true]]>
              </value>
            </param>
          </params>
          <reporter-output>
          </reporter-output>
        </test-method> <!-- testIsPrime -->
        <test-method signature="testIsPrime(java.lang.String,int,boolean)[pri:0, instance:mainPack.PrimeNumberCheckerTest@8f4ea7c]" started-at="٢٠٢٦-٠٥-٠٤T١٩:١٤:٥٢ IDT" name="testIsPrime" data-provider="getPrimeNumbers" finished-at="٢٠٢٦-٠٥-٠٤T١٩:١٤:٥٢ IDT" duration-ms="1" status="PASS">
          <params>
            <param index="0">
              <value>
                <![CDATA[zero]]>
              </value>
            </param>
            <param index="1">
              <value>
                <![CDATA[0]]>
              </value>
            </param>
            <param index="2">
              <value>
                <![CDATA[false]]>
              </value>
            </param>
          </params>
          <reporter-output>
          </reporter-output>
        </test-method> <!-- testIsPrime -->
        <test-method signature="testIsPrime(java.lang.String,int,boolean)[pri:0, instance:mainPack.PrimeNumberCheckerTest@8f4ea7c]" started-at="٢٠٢٦-٠٥-٠٤T١٩:١٤:٥٢ IDT" name="testIsPrime" data-provider="getPrimeNumbers" finished-at="٢٠٢٦-٠٥-٠٤T١٩:١٤:٥٢ IDT" duration-ms="1" status="PASS">
          <params>
            <param index="0">
              <value>
                <![CDATA[Negative number]]>
              </value>
            </param>
            <param index="1">
              <value>
                <![CDATA[-5]]>
              </value>
            </param>
            <param index="2">
              <value>
                <![CDATA[false]]>
              </value>
            </param>
          </params>
          <reporter-output>
          </reporter-output>
        </test-method> <!-- testIsPrime -->
        <test-method signature="testIsPrime(java.lang.String,int,boolean)[pri:0, instance:mainPack.PrimeNumberCheckerTest@8f4ea7c]" started-at="٢٠٢٦-٠٥-٠٤T١٩:١٤:٥٢ IDT" name="testIsPrime" data-provider="getPrimeNumbers" finished-at="٢٠٢٦-٠٥-٠٤T١٩:١٤:٥٢ IDT" duration-ms="1" status="PASS">
          <params>
            <param index="0">
              <value>
                <![CDATA[Composite]]>
              </value>
            </param>
            <param index="1">
              <value>
                <![CDATA[9]]>
              </value>
            </param>
            <param index="2">
              <value>
                <![CDATA[false]]>
              </value>
            </param>
          </params>
          <reporter-output>
          </reporter-output>
        </test-method> <!-- testIsPrime -->
        <test-method signature="testIsPrime(java.lang.String,int,boolean)[pri:0, instance:mainPack.PrimeNumberCheckerTest@8f4ea7c]" started-at="٢٠٢٦-٠٥-٠٤T١٩:١٤:٥٢ IDT" name="testIsPrime" data-provider="getPrimeNumbers" finished-at="٢٠٢٦-٠٥-٠٤T١٩:١٤:٥٢ IDT" duration-ms="6" status="FAIL">
          <params>
            <param index="0">
              <value>
                <![CDATA[Large Prime]]>
              </value>
            </param>
            <param index="1">
              <value>
                <![CDATA[97]]>
              </value>
            </param>
            <param index="2">
              <value>
                <![CDATA[false]]>
              </value>
            </param>
          </params>
          <exception class="java.lang.AssertionError">
            <message>
              <![CDATA[Large Prime expected [false] but found [true]]]>
            </message>
            <full-stacktrace>
              <![CDATA[java.lang.AssertionError: Large Prime expected [false] but found [true]
at org.testng.Assert.fail(Assert.java:111)
at org.testng.Assert.failNotEquals(Assert.java:1590)
at org.testng.Assert.assertEqualsImpl(Assert.java:150)
at org.testng.Assert.assertEquals(Assert.java:132)
at org.testng.Assert.assertEquals(Assert.java:1079)
at org.testng.Assert.assertEquals(Assert.java:1043)
at mainPack.PrimeNumberCheckerTest.testIsPrime(PrimeNumberCheckerTest.java:51)
at java.base/jdk.internal.reflect.DirectMethodHandleAccessor.invoke(DirectMethodHandleAccessor.java:103)
at java.base/java.lang.reflect.Method.invoke(Method.java:580)
at org.testng.internal.invokers.MethodInvocationHelper.invokeMethod(MethodInvocationHelper.java:141)
at org.testng.internal.invokers.TestInvoker.invokeMethod(TestInvoker.java:687)
at org.testng.internal.invokers.TestInvoker.invokeTestMethod(TestInvoker.java:230)
at org.testng.internal.invokers.MethodRunner.runInSequence(MethodRunner.java:63)
at org.testng.internal.invokers.TestInvoker$MethodInvocationAgent.invoke(TestInvoker.java:995)
at org.testng.internal.invokers.TestInvoker.invokeTestMethods(TestInvoker.java:203)
at org.testng.internal.invokers.TestMethodWorker.invokeTestMethods(TestMethodWorker.java:154)
at org.testng.internal.invokers.TestMethodWorker.run(TestMethodWorker.java:134)
at java.base/java.util.ArrayList.forEach(ArrayList.java:1596)
at org.testng.TestRunner.privateRun(TestRunner.java:741)
at org.testng.TestRunner.run(TestRunner.java:616)
at org.testng.SuiteRunner.runTest(SuiteRunner.java:421)
at org.testng.SuiteRunner.runSequentially(SuiteRunner.java:413)
at org.testng.SuiteRunner.privateRun(SuiteRunner.java:373)
at org.testng.SuiteRunner.run(SuiteRunner.java:312)
at org.testng.SuiteRunnerWorker.runSuite(SuiteRunnerWorker.java:52)
at org.testng.SuiteRunnerWorker.run(SuiteRunnerWorker.java:95)
at org.testng.TestNG.runSuitesSequentially(TestNG.java:1274)
at org.testng.TestNG.runSuitesLocally(TestNG.java:1208)
at org.testng.TestNG.runSuites(TestNG.java:1112)
at org.testng.TestNG.run(TestNG.java:1079)
at org.testng.remote.AbstractRemoteTestNG.run(AbstractRemoteTestNG.java:115)
at org.testng.remote.RemoteTestNG.initAndRun(RemoteTestNG.java:293)
at org.testng.remote.RemoteTestNG.main(RemoteTestNG.java:91)
]]>
            </full-stacktrace>
          </exception> <!-- java.lang.AssertionError -->
          <reporter-output>
          </reporter-output>
        </test-method> <!-- testIsPrime -->
      </class> <!-- mainPack.PrimeNumberCheckerTest -->
    </test> <!-- Default test -->
  </suite> <!-- Default suite -->
</testng-results>
