<?xml version="1.0" encoding="UTF-8"?>
<testng-results ignored="0" total="2" passed="2" failed="0" skipped="0">
  <reporter-output>
  </reporter-output>
  <suite started-at="٢٠٢٦-٠٥-١٨T١٣:٥٢:٤١ IDT" name="Default suite" finished-at="٢٠٢٦-٠٥-١٨T١٣:٥٢:٤١ IDT" duration-ms="174">
    <groups>
    </groups>
    <test started-at="٢٠٢٦-٠٥-١٨T١٣:٥٢:٤١ IDT" name="Default test" finished-at="٢٠٢٦-٠٥-١٨T١٣:٥٢:٤١ IDT" duration-ms="174">
      <class name="checkBoxesPack.checkBoxesTest">
        <test-method is-config="true" signature="initDriver()[pri:0, instance:checkBoxesPack.checkBoxesTest@49438269]" started-at="٢٠٢٦-٠٥-١٨T١٣:٥٢:٢٩ IDT" name="initDriver" finished-at="٢٠٢٦-٠٥-١٨T١٣:٥٢:٤١ IDT" duration-ms="11687" status="PASS">
          <reporter-output>
          </reporter-output>
        </test-method> <!-- initDriver -->
        <test-method signature="checkBoxCheckedTesting()[pri:0, instance:checkBoxesPack.checkBoxesTest@49438269]" started-at="٢٠٢٦-٠٥-١٨T١٣:٥٢:٤١ IDT" name="checkBoxCheckedTesting" finished-at="٢٠٢٦-٠٥-١٨T١٣:٥٢:٤١ IDT" duration-ms="109" status="PASS">
          <reporter-output>
          </reporter-output>
        </test-method> <!-- checkBoxCheckedTesting -->
        <test-method signature="checkBoxUnCheckedTesting()[pri:0, instance:checkBoxesPack.checkBoxesTest@49438269]" started-at="٢٠٢٦-٠٥-١٨T١٣:٥٢:٤١ IDT" name="checkBoxUnCheckedTesting" finished-at="٢٠٢٦-٠٥-١٨T١٣:٥٢:٤١ IDT" duration-ms="32" status="PASS">
          <reporter-output>
          </reporter-output>
        </test-method> <!-- checkBoxUnCheckedTesting -->
        <test-method is-config="true" signature="tearDown()[pri:0, instance:checkBoxesPack.checkBoxesTest@49438269]" started-at="٢٠٢٦-٠٥-١٨T١٣:٥٢:٤١ IDT" name="tearDown" finished-at="٢٠٢٦-٠٥-١٨T١٣:٥٢:٤٢ IDT" duration-ms="665" status="PASS">
          <reporter-output>
          </reporter-output>
        </test-method> <!-- tearDown -->
      </class> <!-- checkBoxesPack.checkBoxesTest -->
    </test> <!-- Default test -->
  </suite> <!-- Default suite -->
</testng-results>
