<?xml version="1.0" encoding="UTF-8"?>
<testng-results ignored="0" total="2" passed="2" failed="0" skipped="0">
  <reporter-output>
  </reporter-output>
  <suite started-at="٢٠٢٦-٠٥-١٨T١٣:٤٨:٣٩ IDT" name="Default suite" finished-at="٢٠٢٦-٠٥-١٨T١٣:٤٨:٤٤ IDT" duration-ms="4338">
    <groups>
    </groups>
    <test started-at="٢٠٢٦-٠٥-١٨T١٣:٤٨:٣٩ IDT" name="Default test" finished-at="٢٠٢٦-٠٥-١٨T١٣:٤٨:٤٤ IDT" duration-ms="4338">
      <class name="omayoPack.OmayoClass">
        <test-method is-config="true" signature="initDriver()[pri:0, instance:omayoPack.OmayoClass@3eb738bb]" started-at="٢٠٢٦-٠٥-١٨T١٣:٤٨:٢٨ IDT" name="initDriver" finished-at="٢٠٢٦-٠٥-١٨T١٣:٤٨:٣٩ IDT" duration-ms="11170" status="PASS">
          <reporter-output>
          </reporter-output>
        </test-method> <!-- initDriver -->
        <test-method signature="pressReturnAfterEnteringValue()[pri:0, instance:omayoPack.OmayoClass@3eb738bb]" started-at="٢٠٢٦-٠٥-١٨T١٣:٤٨:٣٩ IDT" name="pressReturnAfterEnteringValue" finished-at="٢٠٢٦-٠٥-١٨T١٣:٤٨:٤٤ IDT" duration-ms="4247" status="PASS">
          <reporter-output>
          </reporter-output>
        </test-method> <!-- pressReturnAfterEnteringValue -->
        <test-method signature="readTextFromDisabledButton()[pri:0, instance:omayoPack.OmayoClass@3eb738bb]" started-at="٢٠٢٦-٠٥-١٨T١٣:٤٨:٤٤ IDT" name="readTextFromDisabledButton" finished-at="٢٠٢٦-٠٥-١٨T١٣:٤٨:٤٤ IDT" duration-ms="31" status="PASS">
          <reporter-output>
          </reporter-output>
        </test-method> <!-- readTextFromDisabledButton -->
        <test-method is-config="true" signature="tearDown()[pri:0, instance:omayoPack.OmayoClass@3eb738bb]" started-at="٢٠٢٦-٠٥-١٨T١٣:٤٨:٤٤ IDT" name="tearDown" finished-at="٢٠٢٦-٠٥-١٨T١٣:٤٨:٤٤ IDT" duration-ms="234" status="PASS">
          <reporter-output>
          </reporter-output>
        </test-method> <!-- tearDown -->
      </class> <!-- omayoPack.OmayoClass -->
    </test> <!-- Default test -->
  </suite> <!-- Default suite -->
</testng-results>
