<?xml version="1.0" encoding="UTF-8"?>
<testng-results ignored="1" total="2" passed="1" failed="0" skipped="0">
  <reporter-output>
  </reporter-output>
  <suite started-at="٢٠٢٦-٠٥-١٥T١٣:٠٨:٣٦ IDT" name="Default suite" finished-at="٢٠٢٦-٠٥-١٥T١٣:٠٨:٤٥ IDT" duration-ms="8270">
    <groups>
    </groups>
    <test started-at="٢٠٢٦-٠٥-١٥T١٣:٠٨:٣٦ IDT" name="Default test" finished-at="٢٠٢٦-٠٥-١٥T١٣:٠٨:٤٥ IDT" duration-ms="8270">
      <class name="omayoPack.OmayoClass">
        <test-method is-config="true" signature="initDriver()[pri:0, instance:omayoPack.OmayoClass@6ed3ccb2]" started-at="٢٠٢٦-٠٥-١٥T١٣:٠٨:٢٠ IDT" name="initDriver" finished-at="٢٠٢٦-٠٥-١٥T١٣:٠٨:٣٦ IDT" duration-ms="16151" status="PASS">
          <reporter-output>
          </reporter-output>
        </test-method> <!-- initDriver -->
        <test-method signature="pressReturnAfterEnteringValue()[pri:0, instance:omayoPack.OmayoClass@6ed3ccb2]" started-at="٢٠٢٦-٠٥-١٥T١٣:٠٨:٣٦ IDT" name="pressReturnAfterEnteringValue" finished-at="٢٠٢٦-٠٥-١٥T١٣:٠٨:٤٥ IDT" duration-ms="8192" status="PASS">
          <reporter-output>
          </reporter-output>
        </test-method> <!-- pressReturnAfterEnteringValue -->
        <test-method is-config="true" signature="tearDown()[pri:0, instance:omayoPack.OmayoClass@6ed3ccb2]" started-at="٢٠٢٦-٠٥-١٥T١٣:٠٨:٤٥ IDT" name="tearDown" finished-at="٢٠٢٦-٠٥-١٥T١٣:٠٨:٤٥ IDT" duration-ms="138" status="PASS">
          <reporter-output>
          </reporter-output>
        </test-method> <!-- tearDown -->
      </class> <!-- omayoPack.OmayoClass -->
    </test> <!-- Default test -->
  </suite> <!-- Default suite -->
</testng-results>
