<?xml version="1.0" encoding="UTF-8"?>
<testng-results ignored="0" total="2" passed="2" failed="0" skipped="0">
  <reporter-output>
  </reporter-output>
  <suite started-at="٢٠٢٦-٠٥-١٩T١٠:١٥:٢٧ IDT" name="Default suite" finished-at="٢٠٢٦-٠٥-١٩T١٠:١٥:٢٨ IDT" duration-ms="665">
    <groups>
    </groups>
    <test started-at="٢٠٢٦-٠٥-١٩T١٠:١٥:٢٧ IDT" name="Default test" finished-at="٢٠٢٦-٠٥-١٩T١٠:١٥:٢٨ IDT" duration-ms="665">
      <class name="com.assignment.Selectable_items.SelectableTest">
        <test-method is-config="true" signature="initDriver()[pri:0, instance:com.assignment.Selectable_items.SelectableTest@1e800aaa]" started-at="٢٠٢٦-٠٥-١٩T١٠:١٥:٠٧ IDT" name="initDriver" finished-at="٢٠٢٦-٠٥-١٩T١٠:١٥:٢٧ IDT" duration-ms="19643" status="PASS">
          <reporter-output>
          </reporter-output>
        </test-method> <!-- initDriver -->
        <test-method signature="testSelectFromList()[pri:1, instance:com.assignment.Selectable_items.SelectableTest@1e800aaa]" started-at="٢٠٢٦-٠٥-١٩T١٠:١٥:٢٧ IDT" name="testSelectFromList" finished-at="٢٠٢٦-٠٥-١٩T١٠:١٥:٢٧ IDT" duration-ms="284" status="PASS">
          <reporter-output>
          </reporter-output>
        </test-method> <!-- testSelectFromList -->
        <test-method signature="testSelectFromGrid()[pri:2, instance:com.assignment.Selectable_items.SelectableTest@1e800aaa]" started-at="٢٠٢٦-٠٥-١٩T١٠:١٥:٢٨ IDT" name="testSelectFromGrid" finished-at="٢٠٢٦-٠٥-١٩T١٠:١٥:٢٨ IDT" duration-ms="258" status="PASS">
          <reporter-output>
          </reporter-output>
        </test-method> <!-- testSelectFromGrid -->
        <test-method is-config="true" signature="tearDown()[pri:0, instance:com.assignment.Selectable_items.SelectableTest@1e800aaa]" started-at="٢٠٢٦-٠٥-١٩T١٠:١٥:٢٨ IDT" name="tearDown" finished-at="٢٠٢٦-٠٥-١٩T١٠:١٥:٣٣ IDT" duration-ms="4944" status="PASS">
          <reporter-output>
          </reporter-output>
        </test-method> <!-- tearDown -->
      </class> <!-- com.assignment.Selectable_items.SelectableTest -->
    </test> <!-- Default test -->
  </suite> <!-- Default suite -->
</testng-results>
