<?xml version="1.0" encoding="UTF-8"?>
<testng-results ignored="0" total="1" passed="1" failed="0" skipped="0">
  <reporter-output>
  </reporter-output>
  <suite started-at="٢٠٢٦-٠٥-٠٨T١٤:٤٢:٢٣ IDT" name="Default suite" finished-at="٢٠٢٦-٠٥-٠٨T١٤:٤٢:٢٧ IDT" duration-ms="3715">
    <groups>
    </groups>
    <test started-at="٢٠٢٦-٠٥-٠٨T١٤:٤٢:٢٣ IDT" name="Default test" finished-at="٢٠٢٦-٠٥-٠٨T١٤:٤٢:٢٧ IDT" duration-ms="3715">
      <class name="locators.ByName">
        <test-method is-config="true" signature="setup()[pri:0, instance:locators.ByName@43bc63a3]" started-at="٢٠٢٦-٠٥-٠٨T١٤:٤٢:٢٣ IDT" name="setup" finished-at="٢٠٢٦-٠٥-٠٨T١٤:٤٢:٢٧ IDT" duration-ms="3419" status="PASS">
          <reporter-output>
          </reporter-output>
        </test-method> <!-- setup -->
        <test-method signature="findElementsByName()[pri:0, instance:locators.ByName@43bc63a3]" started-at="٢٠٢٦-٠٥-٠٨T١٤:٤٢:٢٧ IDT" name="findElementsByName" finished-at="٢٠٢٦-٠٥-٠٨T١٤:٤٢:٢٧ IDT" duration-ms="142" status="PASS">
          <reporter-output>
          </reporter-output>
        </test-method> <!-- findElementsByName -->
        <test-method is-config="true" signature="teardown()[pri:0, instance:locators.ByName@43bc63a3]" started-at="٢٠٢٦-٠٥-٠٨T١٤:٤٢:٢٧ IDT" name="teardown" finished-at="٢٠٢٦-٠٥-٠٨T١٤:٤٢:٢٧ IDT" duration-ms="120" status="PASS">
          <reporter-output>
          </reporter-output>
        </test-method> <!-- teardown -->
      </class> <!-- locators.ByName -->
    </test> <!-- Default test -->
  </suite> <!-- Default suite -->
</testng-results>
